Arguments: 
  /Users/marcus/.nvm/versions/node/v8.5.0/bin/node /Users/marcus/.yarn/bin/yarn.js add -D eslint-config-mixmax

PATH: 
  /Users/marcus/.nvm/versions/node/v8.5.0/bin:/Users/marcus/.rbenv/bin:/Users/marcus/.yarn/bin:/Users/marcus/lib/node-v6.9.1-darwin-x64/bin:/Users/marcus/lib/gocode/bin:/Users/marcus/lib/gems/bin:/Users/marcus/Dropbox/bin:/usr/lib/firefox:/Users/marcus/bin:/usr/local/heroku/bin:/usr/local/bin:/usr/bin:/bin:/usr/sbin:/sbin:/usr/local/opt/go/libexec/bin:/usr/local/sbin:/Users/marcus/.rvm/bin:/usr/local/bin:/usr/local/sbin

Yarn version: 
  0.24.6

Node version: 
  8.5.0

Platform: 
  darwin x64

npm manifest: 
  {
    "name": "search-string",
    "version": "1.0.0",
    "description": "Another parser for advanced search query syntax.",
    "main": "index.js",
    "scripts": {
      "test": "echo \"Error: no test specified\" && exit 1"
    },
    "author": "mericsson@gmail.com",
    "license": "ISC",
    "repository": "git@github.com:mixmaxhq/search-string.git"
  }

yarn manifest: 
  No manifest

Lockfile: 
  # THIS IS AN AUTOGENERATED FILE. DO NOT EDIT THIS FILE DIRECTLY.
  # yarn lockfile v1

Trace: 
  Error: EACCES: permission denied, mkdir '/Users/marcus/Library/Caches/Yarn/v1/npm-eslint-config-mixmax-0.7.0-dd0d6215845730b07da0102beda3707a1283e3e8'
